<?xml version="1.0" encoding="UTF-8"?>
<!-- Generated by org.testng.reporters.JUnitReportReporter -->
<testsuite hostname="LAPTOP-JGFFDEV7" failures="0" tests="1" name="PS1" time="0.010" errors="0" timestamp="2023-04-03T15:58:16 IST" skipped="0">
  <testcase classname="PS1" name="testRun" time="0.010"/>
  <system-out/>
</testsuite> <!-- PS1 -->
