<?xml version="1.0" encoding="UTF-8"?>
<!-- Generated by org.testng.reporters.JUnitReportReporter -->
<testsuite hostname="LAPTOP-JGFFDEV7" failures="0" tests="1" name="dataDriven.excelDataProvider.excel" time="0.766" errors="0" timestamp="2023-04-10T16:15:17 IST" skipped="0">
  <testcase classname="dataDriven.excelDataProvider.excel" name="getExcel" time="0.766"/>
  <system-out/>
</testsuite> <!-- dataDriven.excelDataProvider.excel -->
