<?xml version="1.0" encoding="UTF-8"?>
<!-- Generated by org.testng.reporters.JUnitReportReporter -->
<testsuite hostname="LAPTOP-JGFFDEV7" failures="0" tests="1" name="test.day2" time="0.006" errors="0" timestamp="2023-04-03T11:27:33 IST" skipped="0">
  <testcase classname="test.day2" name="ploan" time="0.006"/>
  <system-out/>
</testsuite> <!-- test.day2 -->
