<?xml version="1.0" encoding="UTF-8"?>
<!-- Generated by org.testng.reporters.JUnitReportReporter -->
<testsuite hostname="LAPTOP-JGFFDEV7" failures="0" tests="6" name="test.day3" time="0.029" errors="0" timestamp="2023-04-03T11:27:32 IST" skipped="1">
  <testcase classname="test.day3" name="MobileSignoutcarLoan" time="0.004"/>
  <system-out/>
  <testcase classname="test.day3" name="MobileSignoutcarLoan" time="0.007"/>
  <system-out/>
  <testcase classname="test.day3" name="MobileLogincarLoan" time="0.008"/>
  <system-out/>
  <testcase classname="test.day3" name="WebloginCarLoan" time="0.002"/>
  <system-out/>
  <testcase classname="test.day3" name="MobileSignoutcarLoan" time="0.008"/>
  <system-out/>
  <testcase classname="test.day3" name="MobileSignincarLoan">
    <skipped/>
  </testcase> <!-- MobileSignincarLoan -->
  <system-out/>
</testsuite> <!-- test.day3 -->
