<?xml version="1.0" encoding="UTF-8"?>
<!-- Generated by org.testng.reporters.JUnitReportReporter -->
<testsuite hostname="LAPTOP-JGFFDEV7" failures="0" tests="1" name="amanathreddy.tests.ErrorValidations" time="4.172" errors="0" timestamp="2023-04-06T11:13:32 IST" skipped="0">
  <testcase classname="amanathreddy.tests.ErrorValidations" name="submitOrder" time="4.172"/>
  <system-out/>
</testsuite> <!-- amanathreddy.tests.ErrorValidations -->
