<?xml version="1.0" encoding="UTF-8"?>
<!-- Generated by org.testng.reporters.JUnitReportReporter -->
<testsuite hostname="LAPTOP-JGFFDEV7" failures="0" tests="1" name="amarnathreddy.ExtentReports.ExtentReportDemo" time="3.923" errors="0" timestamp="2023-04-07T10:52:32 IST" skipped="0">
  <testcase classname="amarnathreddy.ExtentReports.ExtentReportDemo" name="initialDemo" time="3.923"/>
  <system-out/>
</testsuite> <!-- amarnathreddy.ExtentReports.ExtentReportDemo -->
